Using pre-set license
Built from '2020.3/release' branch; Version is '2020.3.1f1 (77a89f25062f) revision 7841951'; Using compiler version '192528614'; Build Type 'Release'
OS: 'Windows 10 Pro; OS build 19042.867; Version 2009; 64bit' Language: 'en' Physical Memory: 16263 MB
BatchMode: 1, IsHumanControllingUs: 0, StartBugReporterOnCrash: 0, Is64bit: 1, IsPro: 0

 COMMAND LINE ARGUMENTS:
C:\Program Files\Unity\Hub\Editor\2020.3.1f1\Editor\Unity.exe
-adb2
-batchMode
-noUpm
-name
AssetImportWorker0
-projectPath
C:/Users/victo/OneDrive/Escritorio/TallerUnity/Taller_Unity
-logFile
Logs/AssetImportWorker0.log
-srvPort
59607
Successfully changed project path to: C:/Users/victo/OneDrive/Escritorio/TallerUnity/Taller_Unity
C:/Users/victo/OneDrive/Escritorio/TallerUnity/Taller_Unity
Using Asset Import Pipeline V2.
Refreshing native plugins compatible for Editor in 26.73 ms, found 0 plugins.
Preloading 0 native plugins for Editor in 0.00 ms.
Initialize engine version: 2020.3.1f1 (77a89f25062f)
[Subsystems] Discovering subsystems at path C:/Program Files/Unity/Hub/Editor/2020.3.1f1/Editor/Data/Resources/UnitySubsystems
[Subsystems] Discovering subsystems at path C:/Users/victo/OneDrive/Escritorio/TallerUnity/Taller_Unity/Assets
GfxDevice: creating device client; threaded=0
Direct3D:
    Version:  Direct3D 11.0 [level 11.0]
    Renderer: NVIDIA GeForce GT 730M (ID=0x1290)
    Vendor:   
    VRAM:     986 MB
    Driver:   25.21.14.2591
Initialize mono
Mono path[0] = 'C:/Program Files/Unity/Hub/Editor/2020.3.1f1/Editor/Data/Managed'
Mono path[1] = 'C:/Program Files/Unity/Hub/Editor/2020.3.1f1/Editor/Data/MonoBleedingEdge/lib/mono/unityjit'
Mono config path = 'C:/Program Files/Unity/Hub/Editor/2020.3.1f1/Editor/Data/MonoBleedingEdge/etc'
Using monoOptions --debugger-agent=transport=dt_socket,embedding=1,server=y,suspend=n,address=127.0.0.1:56516
Begin MonoManager ReloadAssembly
Registering precompiled unity dll's ...
Register platform support module: C:/Program Files/Unity/Hub/Editor/2020.3.1f1/Editor/Data/PlaybackEngines/WindowsStandaloneSupport/UnityEditor.WindowsStandalone.Extensions.dll
Registered in 0.012414 seconds.
Native extension for WindowsStandalone target not found
Refreshing native plugins compatible for Editor in 75.98 ms, found 0 plugins.
Preloading 0 native plugins for Editor in 0.00 ms.
Invoked RoslynAnalysisRunner static constructor.
RoslynAnalysisRunner will not be running.
RoslynAnalysisRunner has terminated.
Mono: successfully reloaded assembly
- Completed reload, in  2.588 seconds
Platform modules already initialized, skipping
Registering precompiled user dll's ...
Registered in 0.001322 seconds.
Begin MonoManager ReloadAssembly
Native extension for WindowsStandalone target not found
Refreshing native plugins compatible for Editor in 0.39 ms, found 0 plugins.
Preloading 0 native plugins for Editor in 0.00 ms.
Invoked RoslynAnalysisRunner static constructor.
RoslynAnalysisRunner will not be running.
RoslynAnalysisRunner has terminated.
Mono: successfully reloaded assembly
- Completed reload, in  1.080 seconds
Platform modules already initialized, skipping
========================================================================
Worker process is ready to serve import requests
Launched and connected shader compiler UnityShaderCompiler.exe after 0.07 seconds
Refreshing native plugins compatible for Editor in 0.33 ms, found 0 plugins.
Preloading 0 native plugins for Editor in 0.00 ms.
Unloading 1113 Unused Serialized files (Serialized files now loaded: 0)
System memory in use before: 56.9 MB.
System memory in use after: 57.0 MB.

Unloading 10 unused Assets to reduce memory usage. Loaded Objects now: 1555.
Total: 3.081900 ms (FindLiveObjects: 0.256800 ms CreateObjectMapping: 0.096200 ms MarkObjects: 2.587300 ms  DeleteObjects: 0.138900 ms)

========================================================================
Received Import Request.
  path: Assets/Scenes
  artifactKey: Guid(3c93763fa389af241aca58ab8edf831b) Importer(815301076,1909f56bfc062723c751e8b465ee728b)
Start importing Assets/Scenes using Guid(3c93763fa389af241aca58ab8edf831b) Importer(815301076,1909f56bfc062723c751e8b465ee728b)  -> (artifact id: '617616d27403bdbfafb86802ca90f157') in 0.014422 seconds
  Import took 0.018297 seconds .

========================================================================
Received Import Request.
  Time since last request: 0.000388 seconds.
  path: Assets/Scenes/SampleScene.unity
  artifactKey: Guid(9fc0d4010bbf28b4594072e72b8655ab) Importer(815301076,1909f56bfc062723c751e8b465ee728b)
Start importing Assets/Scenes/SampleScene.unity using Guid(9fc0d4010bbf28b4594072e72b8655ab) Importer(815301076,1909f56bfc062723c751e8b465ee728b)  -> (artifact id: '9a0c7bd3eade52b464e03a3fa19ccb01') in 0.023431 seconds
  Import took 0.026154 seconds .

========================================================================
Received Import Request.
  Time since last request: 212.659268 seconds.
  path: Assets
  artifactKey: Guid(00000000000000001000000000000000) Importer(815301076,1909f56bfc062723c751e8b465ee728b)
Start importing Assets using Guid(00000000000000001000000000000000) Importer(815301076,1909f56bfc062723c751e8b465ee728b)  -> (artifact id: 'a6374019befeac6ce670f13ba9960efb') in 0.007684 seconds
  Import took 0.010695 seconds .

========================================================================
Received Import Request.
  Time since last request: 10.769620 seconds.
  path: Assets/Scripts
  artifactKey: Guid(a2081986331cf0a4e9230c8915de0436) Importer(815301076,1909f56bfc062723c751e8b465ee728b)
Start importing Assets/Scripts using Guid(a2081986331cf0a4e9230c8915de0436) Importer(815301076,1909f56bfc062723c751e8b465ee728b)  -> (artifact id: 'd260b87f897b4c72d3c20529e9812157') in 0.020057 seconds
  Import took 0.023808 seconds .

========================================================================
Received Import Request.
  Time since last request: 9.002755 seconds.
  path: Assets/Materials
  artifactKey: Guid(02181bd734d437c4d8af291ef6ed149c) Importer(815301076,1909f56bfc062723c751e8b465ee728b)
Start importing Assets/Materials using Guid(02181bd734d437c4d8af291ef6ed149c) Importer(815301076,1909f56bfc062723c751e8b465ee728b)  -> (artifact id: 'ab507a7340240aef0474c5eb300d9316') in 0.009962 seconds
  Import took 0.013616 seconds .

========================================================================
Received Import Request.
  Time since last request: 0.000661 seconds.
  path: Assets/Materials
  artifactKey: Guid(02181bd734d437c4d8af291ef6ed149c) Importer(815301076,1909f56bfc062723c751e8b465ee728b)
Start importing Assets/Materials using Guid(02181bd734d437c4d8af291ef6ed149c) Importer(815301076,1909f56bfc062723c751e8b465ee728b)  -> (artifact id: 'ab507a7340240aef0474c5eb300d9316') in 0.005858 seconds
  Import took 0.009052 seconds .

========================================================================
Received Import Request.
  Time since last request: 10.786316 seconds.
  path: Assets/Materials/New Material.mat
  artifactKey: Guid(39b8bbbdb2076bf48b333fa8bb7c7090) Importer(815301076,1909f56bfc062723c751e8b465ee728b)
Start importing Assets/Materials/New Material.mat using Guid(39b8bbbdb2076bf48b333fa8bb7c7090) Importer(815301076,1909f56bfc062723c751e8b465ee728b)  -> (artifact id: '516a71394b06902af0b10d3937a2a26c') in 0.250858 seconds
  Import took 0.253843 seconds .

========================================================================
Received Import Request.
  Time since last request: 91.586524 seconds.
  path: Assets/Scripts/Player.cs
  artifactKey: Guid(8e0438f57f424924cbafa0df5376533f) Importer(815301076,1909f56bfc062723c751e8b465ee728b)
Start importing Assets/Scripts/Player.cs using Guid(8e0438f57f424924cbafa0df5376533f) Importer(815301076,1909f56bfc062723c751e8b465ee728b)  -> (artifact id: '6203245c60a13e04fbe20b221ec438a4') in 0.030463 seconds
  Import took 0.034723 seconds .

========================================================================
Received Import Request.
  Time since last request: 0.138872 seconds.
  path: Assets/Scripts/Player.cs
  artifactKey: Guid(8e0438f57f424924cbafa0df5376533f) Importer(815301076,1909f56bfc062723c751e8b465ee728b)
Start importing Assets/Scripts/Player.cs using Guid(8e0438f57f424924cbafa0df5376533f) Importer(815301076,1909f56bfc062723c751e8b465ee728b)  -> (artifact id: '6203245c60a13e04fbe20b221ec438a4') in 0.030813 seconds
  Import took 0.035890 seconds .

========================================================================
Received Prepare
Registering precompiled user dll's ...
Registered in 0.001701 seconds.
Begin MonoManager ReloadAssembly
Native extension for WindowsStandalone target not found
Refreshing native plugins compatible for Editor in 0.35 ms, found 0 plugins.
Preloading 0 native plugins for Editor in 0.00 ms.
Invoked RoslynAnalysisRunner static constructor.
RoslynAnalysisRunner will not be running.
RoslynAnalysisRunner has terminated.
Mono: successfully reloaded assembly
- Completed reload, in  1.831 seconds
Platform modules already initialized, skipping
Refreshing native plugins compatible for Editor in 0.24 ms, found 0 plugins.
Preloading 0 native plugins for Editor in 0.00 ms.
Unloading 1109 Unused Serialized files (Serialized files now loaded: 0)
System memory in use before: 60.3 MB.
System memory in use after: 60.3 MB.

Unloading 5 unused Assets to reduce memory usage. Loaded Objects now: 1599.
Total: 2.397700 ms (FindLiveObjects: 0.398600 ms CreateObjectMapping: 0.176600 ms MarkObjects: 1.739000 ms  DeleteObjects: 0.080800 ms)

========================================================================
Received Import Request.
  Time since last request: 292.384969 seconds.
  path: Assets/Scripts/Camera_Follow.cs
  artifactKey: Guid(d990f067ad167f046a9c8d51dc9a56a7) Importer(815301076,1909f56bfc062723c751e8b465ee728b)
Start importing Assets/Scripts/Camera_Follow.cs using Guid(d990f067ad167f046a9c8d51dc9a56a7) Importer(815301076,1909f56bfc062723c751e8b465ee728b)  -> (artifact id: '34dd42d92ecb789a29584caed3d36af5') in 0.048274 seconds
  Import took 0.066264 seconds .

========================================================================
Received Prepare
Registering precompiled user dll's ...
Registered in 0.002352 seconds.
Begin MonoManager ReloadAssembly
Native extension for WindowsStandalone target not found
Refreshing native plugins compatible for Editor in 0.35 ms, found 0 plugins.
Preloading 0 native plugins for Editor in 0.00 ms.
Invoked RoslynAnalysisRunner static constructor.
RoslynAnalysisRunner will not be running.
RoslynAnalysisRunner has terminated.
Mono: successfully reloaded assembly
- Completed reload, in  2.049 seconds
Platform modules already initialized, skipping
Refreshing native plugins compatible for Editor in 0.24 ms, found 0 plugins.
Preloading 0 native plugins for Editor in 0.00 ms.
Unloading 1110 Unused Serialized files (Serialized files now loaded: 0)
System memory in use before: 60.3 MB.
System memory in use after: 60.4 MB.

Unloading 5 unused Assets to reduce memory usage. Loaded Objects now: 1603.
Total: 2.107300 ms (FindLiveObjects: 0.289800 ms CreateObjectMapping: 0.064300 ms MarkObjects: 1.663100 ms  DeleteObjects: 0.087200 ms)

========================================================================
Received Import Request.
  Time since last request: 1660.181200 seconds.
  path: Assets/Materials/Green.mat
  artifactKey: Guid(511ce9643b456384fb20f2c26ab61ffc) Importer(815301076,1909f56bfc062723c751e8b465ee728b)
Start importing Assets/Materials/Green.mat using Guid(511ce9643b456384fb20f2c26ab61ffc) Importer(815301076,1909f56bfc062723c751e8b465ee728b)  -> (artifact id: '11f0b15c872db0dd65fcce51da8d965d') in 0.130404 seconds
  Import took 0.134242 seconds .

========================================================================
Received Import Request.
  Time since last request: 31.307199 seconds.
  path: Assets/Materials/Red.mat
  artifactKey: Guid(523d6a35c5b29a849a12c6a8abcef69d) Importer(815301076,1909f56bfc062723c751e8b465ee728b)
Start importing Assets/Materials/Red.mat using Guid(523d6a35c5b29a849a12c6a8abcef69d) Importer(815301076,1909f56bfc062723c751e8b465ee728b)  -> (artifact id: '76185ae5a95f3fdaecf221174649e1b7') in 0.039227 seconds
  Import took 0.044921 seconds .

========================================================================
Received Prepare
Registering precompiled user dll's ...
Registered in 0.001875 seconds.
Begin MonoManager ReloadAssembly
Native extension for WindowsStandalone target not found
Refreshing native plugins compatible for Editor in 0.24 ms, found 0 plugins.
Preloading 0 native plugins for Editor in 0.00 ms.
Invoked RoslynAnalysisRunner static constructor.
RoslynAnalysisRunner will not be running.
RoslynAnalysisRunner has terminated.
Mono: successfully reloaded assembly
- Completed reload, in  1.281 seconds
Platform modules already initialized, skipping
Refreshing native plugins compatible for Editor in 0.35 ms, found 0 plugins.
Preloading 0 native plugins for Editor in 0.00 ms.
Unloading 1110 Unused Serialized files (Serialized files now loaded: 0)
System memory in use before: 60.3 MB.
System memory in use after: 60.4 MB.

Unloading 5 unused Assets to reduce memory usage. Loaded Objects now: 1607.
Total: 2.402500 ms (FindLiveObjects: 0.430400 ms CreateObjectMapping: 0.098600 ms MarkObjects: 1.803800 ms  DeleteObjects: 0.067400 ms)

========================================================================
Received Import Request.
  Time since last request: 1372.661887 seconds.
  path: Assets/Materials/Player.mat
  artifactKey: Guid(4b557116fd377b3408b68510cdfe674c) Importer(815301076,1909f56bfc062723c751e8b465ee728b)
Start importing Assets/Materials/Player.mat using Guid(4b557116fd377b3408b68510cdfe674c) Importer(815301076,1909f56bfc062723c751e8b465ee728b)  -> (artifact id: 'd546fa60d5309666bef60fd838794ed2') in 0.111519 seconds
  Import took 0.119107 seconds .

========================================================================
Received Prepare
Registering precompiled user dll's ...
Registered in 0.004149 seconds.
Begin MonoManager ReloadAssembly
Native extension for WindowsStandalone target not found
Refreshing native plugins compatible for Editor in 0.23 ms, found 0 plugins.
Preloading 0 native plugins for Editor in 0.00 ms.
Invoked RoslynAnalysisRunner static constructor.
RoslynAnalysisRunner will not be running.
RoslynAnalysisRunner has terminated.
Mono: successfully reloaded assembly
- Completed reload, in  1.304 seconds
Platform modules already initialized, skipping
Refreshing native plugins compatible for Editor in 0.47 ms, found 0 plugins.
Preloading 0 native plugins for Editor in 0.00 ms.
Unloading 1110 Unused Serialized files (Serialized files now loaded: 0)
System memory in use before: 60.4 MB.
System memory in use after: 60.4 MB.

Unloading 5 unused Assets to reduce memory usage. Loaded Objects now: 1611.
Total: 2.064400 ms (FindLiveObjects: 0.199300 ms CreateObjectMapping: 0.092100 ms MarkObjects: 1.708800 ms  DeleteObjects: 0.062500 ms)

========================================================================
Received Import Request.
  Time since last request: 185.687965 seconds.
  path: Assets/Materials/Gray.mat
  artifactKey: Guid(d5bc42a21d7e4794ebb009003efe2f12) Importer(815301076,1909f56bfc062723c751e8b465ee728b)
Start importing Assets/Materials/Gray.mat using Guid(d5bc42a21d7e4794ebb009003efe2f12) Importer(815301076,1909f56bfc062723c751e8b465ee728b)  -> (artifact id: 'f40c50f1181ac35ba0d2484c53b0b51e') in 0.140224 seconds
  Import took 0.144935 seconds .

AssetImportWorkerClient::OnTransportError - code=2 error=End of file
